<?xml version="1.0" encoding="UTF-8"?>
<testsuite name="com.chrisnesbit.tasks.TasksApplicationTests" tests="1" skipped="0" failures="0" errors="0" timestamp="2026-06-28T03:20:49.918Z" hostname="MacBook-Pro-8.lan" time="3.424">
  <properties/>
  <testcase name="contextLoads()" classname="com.chrisnesbit.tasks.TasksApplicationTests" time="0.764"/>
  <system-out><![CDATA[23:20:50.114 [Test worker] INFO org.springframework.test.context.support.AnnotationConfigContextLoaderUtils -- Could not detect default configuration classes for test class [com.chrisnesbit.tasks.TasksApplicationTests]: TasksApplicationTests does not declare any static, non-private, non-final, nested classes annotated with @Configuration.
23:20:50.225 [Test worker] INFO org.springframework.boot.test.context.SpringBootTestContextBootstrapper -- Found @SpringBootConfiguration com.chrisnesbit.tasks.TasksApplication for test class com.chrisnesbit.tasks.TasksApplicationTests
23:20:50.313 [Test worker] INFO org.springframework.test.context.support.AnnotationConfigContextLoaderUtils -- Could not detect default configuration classes for test class [com.chrisnesbit.tasks.TasksApplicationTests]: TasksApplicationTests does not declare any static, non-private, non-final, nested classes annotated with @Configuration.
23:20:50.314 [Test worker] INFO org.springframework.boot.test.context.SpringBootTestContextBootstrapper -- Found @SpringBootConfiguration com.chrisnesbit.tasks.TasksApplication for test class com.chrisnesbit.tasks.TasksApplicationTests

  .   ____          _            __ _ _
 /\\ / ___'_ __ _ _(_)_ __  __ _ \ \ \ \
( ( )\___ | '_ | '_| | '_ \/ _` | \ \ \ \
 \\/  ___)| |_)| | | | | || (_| |  ) ) ) )
  '  |____| .__|_| |_|_| |_\__, | / / / /
 =========|_|==============|___/=/_/_/_/

 :: Spring Boot ::                (v4.0.7)

2026-06-27T23:20:50.635-04:00  INFO 25931 --- [tasks] [    Test worker] c.c.tasks.TasksApplicationTests          : Starting TasksApplicationTests using Java 21.0.11 with PID 25931 (started by chris in /Users/chris/IdeaProjects/springboot-tasks)
2026-06-27T23:20:50.637-04:00  INFO 25931 --- [tasks] [    Test worker] c.c.tasks.TasksApplicationTests          : No active profile set, falling back to 1 default profile: "default"
2026-06-27T23:20:52.426-04:00  INFO 25931 --- [tasks] [    Test worker] o.s.b.a.e.web.EndpointLinksResolver      : Exposing 1 endpoint beneath base path '/actuator'
2026-06-27T23:20:52.486-04:00  INFO 25931 --- [tasks] [    Test worker] c.c.tasks.TasksApplicationTests          : Started TasksApplicationTests in 2.109 seconds (process running for 3.607)
2026-06-27T23:20:52.567-04:00  WARN 25931 --- [tasks] [    Test worker] o.s.core.events.SpringDocAppInitializer  : SpringDoc /v3/api-docs endpoint is enabled by default. To disable it in production, set the property 'springdoc.api-docs.enabled=false'
2026-06-27T23:20:52.568-04:00  WARN 25931 --- [tasks] [    Test worker] o.s.core.events.SpringDocAppInitializer  : SpringDoc /swagger-ui.html endpoint is enabled by default. To disable it in production, set the property 'springdoc.swagger-ui.enabled=false'
]]></system-out>
  <system-err><![CDATA[Mockito is currently self-attaching to enable the inline-mock-maker. This will no longer work in future releases of the JDK. Please add Mockito as an agent to your build as described in Mockito's documentation: https://javadoc.io/doc/org.mockito/mockito-core/latest/org.mockito/org/mockito/Mockito.html#0.3
WARNING: A Java agent has been loaded dynamically (/Users/chris/.gradle/caches/modules-2/files-2.1/net.bytebuddy/byte-buddy-agent/1.17.8/f09415827a71be7ed621c7bd02550678f28bc81c/byte-buddy-agent-1.17.8.jar)
WARNING: If a serviceability tool is in use, please run with -XX:+EnableDynamicAgentLoading to hide this warning
WARNING: If a serviceability tool is not in use, please run with -Djdk.instrument.traceUsage for more information
WARNING: Dynamic loading of agents will be disallowed by default in a future release
]]></system-err>
</testsuite>
